<?xml version="1.0" encoding="UTF-8"?>
<!-- Generated by org.testng.reporters.JUnitXMLReporter -->
<testsuite ignored="0" hostname="ip-192-168-29-208.ap-south-1.compute.internal" failures="1" tests="1" name="01" time="4.741" errors="0" timestamp="19 Aug 2021 17:31:54 GMT">
  <testcase classname="testcases.TC_01" name="TC_01_FreshCar" time="0.025">
    <failure type="java.lang.AssertionError" message="The following asserts failed:
	Either home page title is not matching or page not loaded properly expected [ACKO | Insurance made eas] but found [ACKO | Insurance made easy]">
      <![CDATA[java.lang.AssertionError: The following asserts failed:
	Either home page title is not matching or page not loaded properly expected [ACKO | Insurance made eas] but found [ACKO | Insurance made easy]
	at testcases.TC_01.TC_01_FreshCar(TC_01.java:68)
... Removed 26 stack frames]]>
    </failure>
  </testcase> <!-- TC_01_FreshCar -->
</testsuite> <!-- 01 -->
